Determining if the pthread_create exist failed with the following output:
Change Dir: /home/vinicius/Dropbox/arv/projetos/mestradocomp/Dissertacao/mmaster_hydro/catkin_ws/build/CMakeFiles/CMakeTmp

Run Build Command:/usr/bin/make "cmTryCompileExec693450125/fast"
/usr/bin/make -f CMakeFiles/cmTryCompileExec693450125.dir/build.make CMakeFiles/cmTryCompileExec693450125.dir/build
make[1]: Entering directory `/home/vinicius/Dropbox/arv/projetos/mestradocomp/Dissertacao/mmaster_hydro/catkin_ws/build/CMakeFiles/CMakeTmp'
/usr/bin/cmake -E cmake_progress_report /home/vinicius/Dropbox/arv/projetos/mestradocomp/Dissertacao/mmaster_hydro/catkin_ws/build/CMakeFiles/CMakeTmp/CMakeFiles 1
Building C object CMakeFiles/cmTryCompileExec693450125.dir/CheckSymbolExists.c.o
/usr/bin/cc    -o CMakeFiles/cmTryCompileExec693450125.dir/CheckSymbolExists.c.o   -c /home/vinicius/Dropbox/arv/projetos/mestradocomp/Dissertacao/mmaster_hydro/catkin_ws/build/CMakeFiles/CMakeTmp/CheckSymbolExists.c
Linking C executable cmTryCompileExec693450125
/usr/bin/cmake -E cmake_link_script CMakeFiles/cmTryCompileExec693450125.dir/link.txt --verbose=1
/usr/bin/cc         CMakeFiles/cmTryCompileExec693450125.dir/CheckSymbolExists.c.o  -o cmTryCompileExec693450125 -rdynamic 
CMakeFiles/cmTryCompileExec693450125.dir/CheckSymbolExists.c.o: In function `main':
CheckSymbolExists.c:(.text+0x16): undefined reference to `pthread_create'
collect2: error: ld returned 1 exit status
make[1]: *** [cmTryCompileExec693450125] Error 1
make[1]: Leaving directory `/home/vinicius/Dropbox/arv/projetos/mestradocomp/Dissertacao/mmaster_hydro/catkin_ws/build/CMakeFiles/CMakeTmp'
make: *** [cmTryCompileExec693450125/fast] Error 2

File /home/vinicius/Dropbox/arv/projetos/mestradocomp/Dissertacao/mmaster_hydro/catkin_ws/build/CMakeFiles/CMakeTmp/CheckSymbolExists.c:
/* */
#include <pthread.h>

int main(int argc, char** argv)
{
  (void)argv;
#ifndef pthread_create
  return ((int*)(&pthread_create))[argc];
#else
  (void)argc;
  return 0;
#endif
}

Determining if the function pthread_create exists in the pthreads failed with the following output:
Change Dir: /home/vinicius/Dropbox/arv/projetos/mestradocomp/Dissertacao/mmaster_hydro/catkin_ws/build/CMakeFiles/CMakeTmp

Run Build Command:/usr/bin/make "cmTryCompileExec76049418/fast"
/usr/bin/make -f CMakeFiles/cmTryCompileExec76049418.dir/build.make CMakeFiles/cmTryCompileExec76049418.dir/build
make[1]: Entering directory `/home/vinicius/Dropbox/arv/projetos/mestradocomp/Dissertacao/mmaster_hydro/catkin_ws/build/CMakeFiles/CMakeTmp'
/usr/bin/cmake -E cmake_progress_report /home/vinicius/Dropbox/arv/projetos/mestradocomp/Dissertacao/mmaster_hydro/catkin_ws/build/CMakeFiles/CMakeTmp/CMakeFiles 1
Building C object CMakeFiles/cmTryCompileExec76049418.dir/CheckFunctionExists.c.o
/usr/bin/cc   -DCHECK_FUNCTION_EXISTS=pthread_create   -o CMakeFiles/cmTryCompileExec76049418.dir/CheckFunctionExists.c.o   -c /usr/share/cmake-2.8/Modules/CheckFunctionExists.c
Linking C executable cmTryCompileExec76049418
/usr/bin/cmake -E cmake_link_script CMakeFiles/cmTryCompileExec76049418.dir/link.txt --verbose=1
/usr/bin/cc     -DCHECK_FUNCTION_EXISTS=pthread_create    CMakeFiles/cmTryCompileExec76049418.dir/CheckFunctionExists.c.o  -o cmTryCompileExec76049418 -rdynamic -lpthreads 
/usr/bin/ld: cannot find -lpthreads
collect2: error: ld returned 1 exit status
make[1]: *** [cmTryCompileExec76049418] Error 1
make[1]: Leaving directory `/home/vinicius/Dropbox/arv/projetos/mestradocomp/Dissertacao/mmaster_hydro/catkin_ws/build/CMakeFiles/CMakeTmp'
make: *** [cmTryCompileExec76049418/fast] Error 2


